
ROM used:   1627/8192 (20%)
            1627/8192 (20%) including unused fragments

            0.6 Average locations per line
            5.9 Average locations per statement

RAM used:   31/368 (8%) at main() level
            72/368 (20%) worst case

Stack used: 0 worst case (0 in main + 0 for interrupts)
Stack size: 8

Lines Stmts  %   Files
----- ----- ---  -----
   46    19   7  main.c
  629     0   0  D:\Program Files (x86)\PICC\Devices\16f877.h
 2229   257  93  D:\Program Files (x86)\PICC\Drivers\math.h
----- -----
 2904   276 Total

Page ROM  %  RAM   Vol Diff  Functions:
---- --- --- ---   --- ----  ----------
0     63   4   10             @FLT
0    117   7   13             @MULFF
0    321  20   16             @ADDFF
0    202  12   14             @DIVFF
0     37   2    2             @SITOF
0    422  26   25   979 10.0  log
0     23   1    1             @delay_ms1
0    328  20    4   552  5.6  MAIN
0     81   5   13   681  5.7  @DIV3232
0     29   2    4             @DTOF
 Inline         0             @cinit1

Program metrics:
    Functions               3
    Statements              276
    Comments                377
    Volume (V)              2795
    Difficulty (D)          20.1
    Effort to implement (E) 56265
    Time to implement (T)   52 minutes
    Est Delivered Bugs (B)  0
    Cyclomatic Complexity   4
    Maintainability (MI)    12

 Segment     Used  Free
-----------  ----  ----
00000-00003     4  0  
00004-007FF  1623  421  
00800-00FFF     0  2048  
01000-017FF     0  2048  
01800-01FFF     0  2048  



